{"C:\\Users\\Name\\Desktop\\API - No produccion\\Parcial3\\TestJest\\miModulo.js": {"path":"C:\\Users\\Name\\Desktop\\API - No produccion\\Parcial3\\TestJest\\miModulo.js","statementMap":{"0":{"start":{"line":3,"column":4},"end":{"line":3,"column":17}},"1":{"start":{"line":6,"column":2},"end":{"line":6,"column":24}}},"fnMap":{"0":{"name":"suma","decl":{"start":{"line":2,"column":9},"end":{"line":2,"column":13}},"loc":{"start":{"line":2,"column":20},"end":{"line":4,"column":3}},"line":2}},"branchMap":{},"s":{"0":1,"1":1},"f":{"0":1},"b":{},"_coverageSchema":"1a1c01bbd47fc00a2c39e90264f33305004495a9","hash":"7ba1c90ba4f8a6c5de93a32399fa34ff44d42e1d"}
}
